0 info it worked if it ends with ok
1 verbose cli [ '/usr/local/bin/node', '/usr/local/bin/npm', 'run', 'build' ]
2 info using npm@3.10.10
3 info using node@v6.11.2
4 verbose run-script [ 'prebuild', 'build', 'postbuild' ]
5 info lifecycle dynamic-data-slider-form-field@1.0.0~prebuild: dynamic-data-slider-form-field@1.0.0
6 silly lifecycle dynamic-data-slider-form-field@1.0.0~prebuild: no script for prebuild, continuing
7 info lifecycle dynamic-data-slider-form-field@1.0.0~build: dynamic-data-slider-form-field@1.0.0
8 verbose lifecycle dynamic-data-slider-form-field@1.0.0~build: unsafe-perm in lifecycle true
9 verbose lifecycle dynamic-data-slider-form-field@1.0.0~build: PATH: /usr/local/lib/node_modules/npm/bin/node-gyp-bin:/Users/renato/Documents/support/bundles/7.2/liferay-7.2-workspace/modules/slider/node_modules/.bin:/usr/local/bin:/usr/bin:/bin:/usr/sbin:/sbin:/usr/local/git/bin:/Users/renato/Documents/projects/build-tools/apache-ant-1.9.4/bin:/usr/local/mysql/bin:/Users/renato/Documents/projects/build-tools/apache-maven-3.5.0/bin:/Users/renato/Library/PackageManager/bin:/Users/renato/Library/PackageManager/bin
10 verbose lifecycle dynamic-data-slider-form-field@1.0.0~build: CWD: /Users/renato/Documents/support/bundles/7.2/liferay-7.2-workspace/modules/slider
11 silly lifecycle dynamic-data-slider-form-field@1.0.0~build: Args: [ '-c',
11 silly lifecycle   'npm run build-soy && npm run build-js && liferay-npm-bundler' ]
12 silly lifecycle dynamic-data-slider-form-field@1.0.0~build: Returned: code: 1  signal: null
13 info lifecycle dynamic-data-slider-form-field@1.0.0~build: Failed to exec build script
14 verbose stack Error: dynamic-data-slider-form-field@1.0.0 build: `npm run build-soy && npm run build-js && liferay-npm-bundler`
14 verbose stack Exit status 1
14 verbose stack     at EventEmitter.<anonymous> (/usr/local/lib/node_modules/npm/lib/utils/lifecycle.js:255:16)
14 verbose stack     at emitTwo (events.js:106:13)
14 verbose stack     at EventEmitter.emit (events.js:191:7)
14 verbose stack     at ChildProcess.<anonymous> (/usr/local/lib/node_modules/npm/lib/utils/spawn.js:40:14)
14 verbose stack     at emitTwo (events.js:106:13)
14 verbose stack     at ChildProcess.emit (events.js:191:7)
14 verbose stack     at maybeClose (internal/child_process.js:891:16)
14 verbose stack     at Process.ChildProcess._handle.onexit (internal/child_process.js:226:5)
15 verbose pkgid dynamic-data-slider-form-field@1.0.0
16 verbose cwd /Users/renato/Documents/support/bundles/7.2/liferay-7.2-workspace/modules/slider
17 error Darwin 15.6.0
18 error argv "/usr/local/bin/node" "/usr/local/bin/npm" "run" "build"
19 error node v6.11.2
20 error npm  v3.10.10
21 error code ELIFECYCLE
22 error dynamic-data-slider-form-field@1.0.0 build: `npm run build-soy && npm run build-js && liferay-npm-bundler`
22 error Exit status 1
23 error Failed at the dynamic-data-slider-form-field@1.0.0 build script 'npm run build-soy && npm run build-js && liferay-npm-bundler'.
23 error Make sure you have the latest version of node.js and npm installed.
23 error If you do, this is most likely a problem with the dynamic-data-slider-form-field package,
23 error not with npm itself.
23 error Tell the author that this fails on your system:
23 error     npm run build-soy && npm run build-js && liferay-npm-bundler
23 error You can get information on how to open an issue for this project with:
23 error     npm bugs dynamic-data-slider-form-field
23 error Or if that isn't available, you can get their info via:
23 error     npm owner ls dynamic-data-slider-form-field
23 error There is likely additional logging output above.
24 verbose exit [ 1, true ]
